<?xml version="1.0" encoding="UTF-8"?>
<!-- Generated by org.testng.reporters.JUnitXMLReporter -->
<testsuite ignored="0" hostname="NSSEZ190" failures="1" tests="17" name="ScanDataTests_05_Edge" time="0.753" errors="0" timestamp="2025-03-03T17:52:52 IST">
  <testcase classname="api.test.ScanData_Tests" name="test_GetScanData" time="0.069"/>
  <testcase classname="api.test.ScanData_Tests" name="test_AddScanDate" time="0.075">
    <skipped/>
  </testcase> <!-- test_AddScanDate -->
  <testcase classname="api.test.ScanData_Tests" name="test_AddScanDate" time="0.049">
    <skipped/>
  </testcase> <!-- test_AddScanDate -->
  <testcase classname="api.test.ScanData_Tests" name="test_AddScanDate" time="0.041">
    <skipped/>
  </testcase> <!-- test_AddScanDate -->
  <testcase classname="api.test.ScanData_Tests" name="test_AddScanDate" time="0.044">
    <skipped/>
  </testcase> <!-- test_AddScanDate -->
  <testcase classname="api.test.ScanData_Tests" name="test_AddScanDate" time="0.045">
    <skipped/>
  </testcase> <!-- test_AddScanDate -->
  <testcase classname="api.test.ScanData_Tests" name="test_AddScanDate" time="0.042">
    <failure type="java.lang.AssertionError" message="expected [200] but found [400]">
      <![CDATA[java.lang.AssertionError: expected [200] but found [400]
at api.test.ScanData_Tests.test_AddScanDate(ScanData_Tests.java:176)
at java.base/java.util.ArrayList.forEach(ArrayList.java:1511)
at java.base/java.util.concurrent.FutureTask.run(FutureTask.java:264)
at java.base/java.util.concurrent.ThreadPoolExecutor.runWorker(ThreadPoolExecutor.java:1130)
at java.base/java.util.concurrent.ThreadPoolExecutor$Worker.run(ThreadPoolExecutor.java:630)
at java.base/java.lang.Thread.run(Thread.java:832)
... Removed 24 stack frames]]>
    </failure>
  </testcase> <!-- test_AddScanDate -->
  <testcase classname="api.test.ScanData_Tests" name="test_GetScanDataByRegionId" time="0.03"/>
  <testcase classname="api.test.ScanData_Tests" name="test_GetProjectsProgressByProjectId" time="0.035"/>
  <testcase classname="api.test.ScanData_Tests" name="test_GetBuildingProgressByBuildingId" time="0.039"/>
  <testcase classname="api.test.ScanData_Tests" name="test_GetFloorProgressByFloorId" time="0.025"/>
  <testcase classname="api.test.ScanData_Tests" name="test_GetRegionProgressByProjectId" time="0.027"/>
  <testcase classname="api.test.ScanData_Tests" name="test_GetAllCustomersDiskSpace" time="0.03"/>
  <testcase classname="api.test.ScanData_Tests" name="test_GetCompanyDiskSpaceByCompanyId" time="0.036"/>
  <testcase classname="api.test.ScanData_Tests" name="test_GetWaitingProcessesList" time="0.023"/>
  <testcase classname="api.test.ScanData_Tests" name="test_CheckJsonFiles" time="0.022"/>
  <testcase classname="api.test.ScanData_Tests" name="test_GetStackItem" time="0.017"/>
</testsuite> <!-- ScanDataTests_05_Edge -->
