<html>
<head>
<title>TestNG:  Test</title>
<link href="../testng.css" rel="stylesheet" type="text/css" />
<link href="../my-testng.css" rel="stylesheet" type="text/css" />

<style type="text/css">
.log { display: none;} 
.stack-trace { display: none;} 
</style>
<script type="text/javascript">
<!--
function flip(e) {
  current = e.style.display;
  if (current == 'block') {
    e.style.display = 'none';
    return 0;
  }
  else {
    e.style.display = 'block';
    return 1;
  }
}

function toggleBox(szDivId, elem, msg1, msg2)
{
  var res = -1;  if (document.getElementById) {
    res = flip(document.getElementById(szDivId));
  }
  else if (document.all) {
    // this is the way old msie versions work
    res = flip(document.all[szDivId]);
  }
  if(elem) {
    if(res == 0) elem.innerHTML = msg1; else elem.innerHTML = msg2;
  }

}

function toggleAllBoxes() {
  if (document.getElementsByTagName) {
    d = document.getElementsByTagName('div');
    for (i = 0; i < d.length; i++) {
      if (d[i].className == 'log') {
        flip(d[i]);
      }
    }
  }
}

// -->
</script>

</head>
<body>
<h2 align='center'>Test</h2><table border='1' align="center">
<tr>
<td>Tests passed/Failed/Skipped:</td><td>96/0/4</td>
</tr><tr>
<td>Started on:</td><td>Mon Mar 17 18:24:30 IST 2025</td>
</tr>
<tr><td>Total time:</td><td>37 seconds (37841 ms)</td>
</tr><tr>
<td>Included groups:</td><td></td>
</tr><tr>
<td>Excluded groups:</td><td></td>
</tr>
</table><p/>
<small><i>(Hover the method name to see the test class name)</i></small><p/>
<table width='100%' border='1' class='invocation-passed'>
<tr><td colspan='4' align='center'><b>PASSED TESTS</b></td></tr>
<tr><td><b>Test method</b></td>
<td><b>Attribute(s)</b></td>
<td width="30%"><b>Exception</b></td>
<td width="10%"><b>Time (seconds)</b></td>
<td><b>Instance</b></td>
</tr>
<tr>
<td title='api.test.Parameter_Tests.test_GetProjectParameterStatusByProjectId()'><b>test_GetProjectParameterStatusByProjectId</b><br>Test class: api.test.Parameter_Tests</td>
<td></td>
<td>0</td>
<td>api.test.Parameter_Tests@4bd1f8dd</td></tr>
<tr>
<td title='api.test.Parameter_Tests.test_GetParameterMaster()'><b>test_GetParameterMaster</b><br>Test class: api.test.Parameter_Tests</td>
<td></td>
<td>0</td>
<td>api.test.Parameter_Tests@4bd1f8dd</td></tr>
<tr>
<td title='api.test.SummaryReport_Tests.test_GetAddProgressToFloorParameter()'><b>test_GetAddProgressToFloorParameter</b><br>Test class: api.test.SummaryReport_Tests</td>
<td></td>
<td>0</td>
<td>api.test.SummaryReport_Tests@3e14c16d</td></tr>
<tr>
<td title='api.test.Project_Tests.test_GetProjectByProjectId()'><b>test_GetProjectByProjectId</b><br>Test class: api.test.Project_Tests</td>
<td></td>
<td>0</td>
<td>api.test.Project_Tests@4a11eb84</td></tr>
<tr>
<td title='api.test.Project_Tests.test_getLineGraphValuesAllBuildingsByProjectId()'><b>test_getLineGraphValuesAllBuildingsByProjectId</b><br>Test class: api.test.Project_Tests</td>
<td></td>
<td>0</td>
<td>api.test.Project_Tests@4a11eb84</td></tr>
<tr>
<td title='api.test.Region_Tests.test_GetAllRegionHistory()'><b>test_GetAllRegionHistory</b><br>Test class: api.test.Region_Tests</td>
<td></td>
<td>3</td>
<td>api.test.Region_Tests@6475472c</td></tr>
<tr>
<td title='api.test.Project_Tests.test_GetProjectArchivedDetailsByProjectId()'><b>test_GetProjectArchivedDetailsByProjectId</b><br>Test class: api.test.Project_Tests</td>
<td></td>
<td>0</td>
<td>api.test.Project_Tests@4a11eb84</td></tr>
<tr>
<td title='api.test.Region_Tests.test_Update_Region()'><b>test_Update_Region</b><br>Test class: api.test.Region_Tests</td>
<td></td>
<td>0</td>
<td>api.test.Region_Tests@6475472c</td></tr>
<tr>
<td title='api.test.User_Tests.test_sendOtpToEmail()'><b>test_sendOtpToEmail</b><br>Test class: api.test.User_Tests</td>
<td></td>
<td>0</td>
<td>api.test.User_Tests@784b990c</td></tr>
<tr>
<td title='api.test.ScanData_Tests.test_GetProjectsProgressByProjectId()'><b>test_GetProjectsProgressByProjectId</b><br>Test class: api.test.ScanData_Tests</td>
<td></td>
<td>0</td>
<td>api.test.ScanData_Tests@3f07b12c</td></tr>
<tr>
<td title='api.test.ScanData_Tests.test_GetRegionProgressByProjectId()'><b>test_GetRegionProgressByProjectId</b><br>Test class: api.test.ScanData_Tests</td>
<td></td>
<td>0</td>
<td>api.test.ScanData_Tests@3f07b12c</td></tr>
<tr>
<td title='api.test.SummaryReport_Tests.test_GetAddProgressToProjectParameter()'><b>test_GetAddProgressToProjectParameter</b><br>Test class: api.test.SummaryReport_Tests</td>
<td></td>
<td>0</td>
<td>api.test.SummaryReport_Tests@3e14c16d</td></tr>
<tr>
<td title='api.test.Building_Tests.test_GetArchivedBuildings()'><b>test_GetArchivedBuildings</b><br>Test class: api.test.Building_Tests</td>
<td></td>
<td>0</td>
<td>api.test.Building_Tests@5c8504fd</td></tr>
<tr>
<td title='api.test.ScanData_Tests.test_GetFloorProgressByFloorId()'><b>test_GetFloorProgressByFloorId</b><br>Test class: api.test.ScanData_Tests</td>
<td></td>
<td>0</td>
<td>api.test.ScanData_Tests@3f07b12c</td></tr>
<tr>
<td title='api.test.Floor_Tests.test_GetBargraphByFloorId()'><b>test_GetBargraphByFloorId</b><br>Test class: api.test.Floor_Tests</td>
<td></td>
<td>0</td>
<td>api.test.Floor_Tests@4b7e96a</td></tr>
<tr>
<td title='api.test.Project_Tests.test_GetTimeLineByProjectId()'><b>test_GetTimeLineByProjectId</b><br>Test class: api.test.Project_Tests</td>
<td></td>
<td>0</td>
<td>api.test.Project_Tests@4a11eb84</td></tr>
<tr>
<td title='api.test.ScanData_Tests.test_GetCompanyDiskSpaceByCompanyId()'><b>test_GetCompanyDiskSpaceByCompanyId</b><br>Test class: api.test.ScanData_Tests</td>
<td></td>
<td>0</td>
<td>api.test.ScanData_Tests@3f07b12c</td></tr>
<tr>
<td title='api.test.Parameter_Tests.test_GetRegionParameterStatusByRegionId()'><b>test_GetRegionParameterStatusByRegionId</b><br>Test class: api.test.Parameter_Tests</td>
<td></td>
<td>0</td>
<td>api.test.Parameter_Tests@4bd1f8dd</td></tr>
<tr>
<td title='api.test.Project_Tests.test_GetSiteAddressByProjectId()'><b>test_GetSiteAddressByProjectId</b><br>Test class: api.test.Project_Tests</td>
<td></td>
<td>0</td>
<td>api.test.Project_Tests@4a11eb84</td></tr>
<tr>
<td title='api.test.Building_Tests.test_GetLineGraphValuesByProjectIdBuildingId()'><b>test_GetLineGraphValuesByProjectIdBuildingId</b><br>Test class: api.test.Building_Tests</td>
<td></td>
<td>0</td>
<td>api.test.Building_Tests@5c8504fd</td></tr>
<tr>
<td title='api.test.DDtests.test_CreateProject_DDT()'><b>test_CreateProject_DDT</b><br>Test class: api.test.DDtests<br>Parameters: ABC01, Project111, Project by Shubham Jagtap, 2025-01-08T12:03:55.621Z, 2025-12-31T12:03:55.621Z, 17, 777, sqm, Shubham, SJ, 77, true, false, false</td>
<td></td>
<td>0</td>
<td>api.test.DDtests@3c989952</td></tr>
<tr>
<td title='api.test.DDtests.test_CreateProject_DDT()'><b>test_CreateProject_DDT</b><br>Test class: api.test.DDtests<br>Parameters: ABC01, Project111, Project by Shubham Jagtap, 2025-01-08T12:03:55.621Z, 2025-12-31T12:03:55.621Z, 16, 666, sqft, Shubham, SJ, 66, true, false, false</td>
<td></td>
<td>0</td>
<td>api.test.DDtests@3c989952</td></tr>
<tr>
<td title='api.test.Floor_Tests.test_Update_Floor()'><b>test_Update_Floor</b><br>Test class: api.test.Floor_Tests</td>
<td></td>
<td>0</td>
<td>api.test.Floor_Tests@4b7e96a</td></tr>
<tr>
<td title='api.test.ScanData_Tests.test_CheckJsonFiles()'><b>test_CheckJsonFiles</b><br>Test class: api.test.ScanData_Tests</td>
<td></td>
<td>0</td>
<td>api.test.ScanData_Tests@3f07b12c</td></tr>
<tr>
<td title='api.test.Project_Tests.test_GetAllProjectHistory()'><b>test_GetAllProjectHistory</b><br>Test class: api.test.Project_Tests</td>
<td></td>
<td>2</td>
<td>api.test.Project_Tests@4a11eb84</td></tr>
<tr>
<td title='api.test.Building_Tests.test_AddBuilding()'><b>test_AddBuilding</b><br>Test class: api.test.Building_Tests</td>
<td></td>
<td>0</td>
<td>api.test.Building_Tests@5c8504fd</td></tr>
<tr>
<td title='api.test.Building_Tests.test_GetProjectLineGraphValuesByProjectIdBuildingId()'><b>test_GetProjectLineGraphValuesByProjectIdBuildingId</b><br>Test class: api.test.Building_Tests</td>
<td></td>
<td>0</td>
<td>api.test.Building_Tests@5c8504fd</td></tr>
<tr>
<td title='api.test.Project_Tests.test_GetArchivedProject()'><b>test_GetArchivedProject</b><br>Test class: api.test.Project_Tests</td>
<td></td>
<td>0</td>
<td>api.test.Project_Tests@4a11eb84</td></tr>
<tr>
<td title='api.test.Building_Tests.test_GetArchivedBuildingsByProjectId()'><b>test_GetArchivedBuildingsByProjectId</b><br>Test class: api.test.Building_Tests</td>
<td></td>
<td>0</td>
<td>api.test.Building_Tests@5c8504fd</td></tr>
<tr>
<td title='api.test.Region_Tests.test_GetRegions()'><b>test_GetRegions</b><br>Test class: api.test.Region_Tests</td>
<td></td>
<td>0</td>
<td>api.test.Region_Tests@6475472c</td></tr>
<tr>
<td title='api.test.Project_Tests.test_GetAreaByProjectId()'><b>test_GetAreaByProjectId</b><br>Test class: api.test.Project_Tests</td>
<td></td>
<td>0</td>
<td>api.test.Project_Tests@4a11eb84</td></tr>
<tr>
<td title='api.test.Building_Tests.test_GetBuildingHistoryByBuildingId()'><b>test_GetBuildingHistoryByBuildingId</b><br>Test class: api.test.Building_Tests</td>
<td></td>
<td>0</td>
<td>api.test.Building_Tests@5c8504fd</td></tr>
<tr>
<td title='api.test.Parameter_Tests.test_GetFloorParameterStatusByFloorId()'><b>test_GetFloorParameterStatusByFloorId</b><br>Test class: api.test.Parameter_Tests</td>
<td></td>
<td>0</td>
<td>api.test.Parameter_Tests@4bd1f8dd</td></tr>
<tr>
<td title='api.test.SummaryReport_Tests.test_GetAddProgressToBuildingParameter()'><b>test_GetAddProgressToBuildingParameter</b><br>Test class: api.test.SummaryReport_Tests</td>
<td></td>
<td>0</td>
<td>api.test.SummaryReport_Tests@3e14c16d</td></tr>
<tr>
<td title='api.test.Region_Tests.test_GetRegionByRegionId()'><b>test_GetRegionByRegionId</b><br>Test class: api.test.Region_Tests</td>
<td></td>
<td>0</td>
<td>api.test.Region_Tests@6475472c</td></tr>
<tr>
<td title='api.test.License_Tests.test_GetLogoforReportByCompanyId()'><b>test_GetLogoforReportByCompanyId</b><br>Test class: api.test.License_Tests</td>
<td></td>
<td>0</td>
<td>api.test.License_Tests@7096b474</td></tr>
<tr>
<td title='api.test.Project_Tests.test_getSingleLineGraphValueByProjectId()'><b>test_getSingleLineGraphValueByProjectId</b><br>Test class: api.test.Project_Tests</td>
<td></td>
<td>0</td>
<td>api.test.Project_Tests@4a11eb84</td></tr>
<tr>
<td title='api.test.ScanData_Tests.test_GetWaitingProcessesList()'><b>test_GetWaitingProcessesList</b><br>Test class: api.test.ScanData_Tests</td>
<td></td>
<td>0</td>
<td>api.test.ScanData_Tests@3f07b12c</td></tr>
<tr>
<td title='api.test.Building_Tests.test_GetAllBuildingsHistory()'><b>test_GetAllBuildingsHistory</b><br>Test class: api.test.Building_Tests</td>
<td></td>
<td>0</td>
<td>api.test.Building_Tests@5c8504fd</td></tr>
<tr>
<td title='api.test.ScanData_Tests.test_AddScanDate()'><b>test_AddScanDate</b><br>Test class: api.test.ScanData_Tests</td>
<td></td>
<td>0</td>
<td>api.test.ScanData_Tests@3f07b12c</td></tr>
<tr>
<td title='api.test.Floor_Tests.test_GetFloors()'><b>test_GetFloors</b><br>Test class: api.test.Floor_Tests</td>
<td></td>
<td>0</td>
<td>api.test.Floor_Tests@4b7e96a</td></tr>
<tr>
<td title='api.test.Project_Tests.test_GetFinanceByProjectId()'><b>test_GetFinanceByProjectId</b><br>Test class: api.test.Project_Tests</td>
<td></td>
<td>0</td>
<td>api.test.Project_Tests@4a11eb84</td></tr>
<tr>
<td title='api.test.User_Tests.test_GetUserByEmailId()'><b>test_GetUserByEmailId</b><br>Test class: api.test.User_Tests</td>
<td></td>
<td>0</td>
<td>api.test.User_Tests@784b990c</td></tr>
<tr>
<td title='api.test.Floor_Tests.test_GetArchivedFloors()'><b>test_GetArchivedFloors</b><br>Test class: api.test.Floor_Tests</td>
<td></td>
<td>0</td>
<td>api.test.Floor_Tests@4b7e96a</td></tr>
<tr>
<td title='api.test.Building_Tests.test_GetAllBuildingsByProjectId()'><b>test_GetAllBuildingsByProjectId</b><br>Test class: api.test.Building_Tests</td>
<td></td>
<td>0</td>
<td>api.test.Building_Tests@5c8504fd</td></tr>
<tr>
<td title='api.test.License_Tests.test_GetUserLicenseByEmailId()'><b>test_GetUserLicenseByEmailId</b><br>Test class: api.test.License_Tests</td>
<td></td>
<td>0</td>
<td>api.test.License_Tests@7096b474</td></tr>
<tr>
<td title='api.test.SummaryReport_Tests.test_GetBuildingParameterProgress()'><b>test_GetBuildingParameterProgress</b><br>Test class: api.test.SummaryReport_Tests</td>
<td></td>
<td>0</td>
<td>api.test.SummaryReport_Tests@3e14c16d</td></tr>
<tr>
<td title='api.test.Floor_Tests.test_GetAllFloorsHistory()'><b>test_GetAllFloorsHistory</b><br>Test class: api.test.Floor_Tests</td>
<td></td>
<td>1</td>
<td>api.test.Floor_Tests@4b7e96a</td></tr>
<tr>
<td title='api.test.Project_Tests.test_GetActiveProject()'><b>test_GetActiveProject</b><br>Test class: api.test.Project_Tests</td>
<td></td>
<td>0</td>
<td>api.test.Project_Tests@4a11eb84</td></tr>
<tr>
<td title='api.test.Parameter_Tests.test_GetBuildingParameterStatusByBuildingId()'><b>test_GetBuildingParameterStatusByBuildingId</b><br>Test class: api.test.Parameter_Tests</td>
<td></td>
<td>0</td>
<td>api.test.Parameter_Tests@4bd1f8dd</td></tr>
<tr>
<td title='api.test.Building_Tests.test_GetBuildings()'><b>test_GetBuildings</b><br>Test class: api.test.Building_Tests</td>
<td></td>
<td>0</td>
<td>api.test.Building_Tests@5c8504fd</td></tr>
<tr>
<td title='api.test.ScanData_Tests.test_GetStackItem()'><b>test_GetStackItem</b><br>Test class: api.test.ScanData_Tests</td>
<td></td>
<td>0</td>
<td>api.test.ScanData_Tests@3f07b12c</td></tr>
<tr>
<td title='api.test.License_Tests.test_GetJobProcessor()'><b>test_GetJobProcessor</b><br>Test class: api.test.License_Tests</td>
<td></td>
<td>0</td>
<td>api.test.License_Tests@7096b474</td></tr>
<tr>
<td title='api.test.Building_Tests.test_CheckIsRevitFileUploadedByBuildingId()'><b>test_CheckIsRevitFileUploadedByBuildingId</b><br>Test class: api.test.Building_Tests</td>
<td></td>
<td>0</td>
<td>api.test.Building_Tests@5c8504fd</td></tr>
<tr>
<td title='api.test.Project_Tests.test_addProjectDataToFileServerByProjectId()'><b>test_addProjectDataToFileServerByProjectId</b><br>Test class: api.test.Project_Tests</td>
<td></td>
<td>0</td>
<td>api.test.Project_Tests@4a11eb84</td></tr>
<tr>
<td title='api.test.Project_Tests.test_GetCompanyDetailsByProjectId()'><b>test_GetCompanyDetailsByProjectId</b><br>Test class: api.test.Project_Tests</td>
<td></td>
<td>0</td>
<td>api.test.Project_Tests@4a11eb84</td></tr>
<tr>
<td title='api.test.Building_Tests.test_Update_Building()'><b>test_Update_Building</b><br>Test class: api.test.Building_Tests</td>
<td></td>
<td>0</td>
<td>api.test.Building_Tests@5c8504fd</td></tr>
<tr>
<td title='api.test.Project_Tests.test_GetCompanyWiseProjectsByCompanyId()'><b>test_GetCompanyWiseProjectsByCompanyId</b><br>Test class: api.test.Project_Tests</td>
<td></td>
<td>0</td>
<td>api.test.Project_Tests@4a11eb84</td></tr>
<tr>
<td title='api.test.Floor_Tests.test_AddFloor()'><b>test_AddFloor</b><br>Test class: api.test.Floor_Tests</td>
<td></td>
<td>0</td>
<td>api.test.Floor_Tests@4b7e96a</td></tr>
<tr>
<td title='api.test.SummaryReport_Tests.test_GetProjectParameterProgress()'><b>test_GetProjectParameterProgress</b><br>Test class: api.test.SummaryReport_Tests</td>
<td></td>
<td>0</td>
<td>api.test.SummaryReport_Tests@3e14c16d</td></tr>
<tr>
<td title='api.test.Floor_Tests.test_GetFloorByFloorId()'><b>test_GetFloorByFloorId</b><br>Test class: api.test.Floor_Tests</td>
<td></td>
<td>0</td>
<td>api.test.Floor_Tests@4b7e96a</td></tr>
<tr>
<td title='api.test.DDtests.test_CreateProject_DDT()'><b>test_CreateProject_DDT</b><br>Test class: api.test.DDtests<br>Parameters: ABC01, Project111, Project added from excel 2, 2025-10-01T12:03:55.621Z, 2025-12-31T12:03:55.621Z, 13, 333, sqm, Shubham, Shubham Jagtap, 33, true, false, false</td>
<td></td>
<td>0</td>
<td>api.test.DDtests@3c989952</td></tr>
<tr>
<td title='api.test.Building_Tests.test_toggleArchiveBuilding()'><b>test_toggleArchiveBuilding</b><br>Test class: api.test.Building_Tests</td>
<td></td>
<td>0</td>
<td>api.test.Building_Tests@5c8504fd</td></tr>
<tr>
<td title='api.test.Project_Tests.test_GetProjectCompanyByProjectId()'><b>test_GetProjectCompanyByProjectId</b><br>Test class: api.test.Project_Tests</td>
<td></td>
<td>0</td>
<td>api.test.Project_Tests@4a11eb84</td></tr>
<tr>
<td title='api.test.Parameter_Tests.test_GetGlobalParameterStatusByCompanyId()'><b>test_GetGlobalParameterStatusByCompanyId</b><br>Test class: api.test.Parameter_Tests</td>
<td></td>
<td>0</td>
<td>api.test.Parameter_Tests@4bd1f8dd</td></tr>
<tr>
<td title='api.test.ScanData_Tests.test_GetScanData()'><b>test_GetScanData</b><br>Test class: api.test.ScanData_Tests</td>
<td></td>
<td>0</td>
<td>api.test.ScanData_Tests@3f07b12c</td></tr>
<tr>
<td title='api.test.Project_Tests.test_GetProject()'><b>test_GetProject</b><br>Test class: api.test.Project_Tests</td>
<td></td>
<td>0</td>
<td>api.test.Project_Tests@4a11eb84</td></tr>
<tr>
<td title='api.test.DDtests.test_CreateProject_DDT()'><b>test_CreateProject_DDT</b><br>Test class: api.test.DDtests<br>Parameters: ABC01, Project111, Project by SJ, 2025-01-01T12:03:55.621Z, 2025-12-31T12:03:55.621Z, 12, 222, sqft, Shubham, SJ, 22, true, false, false</td>
<td></td>
<td>0</td>
<td>api.test.DDtests@3c989952</td></tr>
<tr>
<td title='api.test.Project_Tests.test_addProjectDataToArchiveServerByProjectId()'><b>test_addProjectDataToArchiveServerByProjectId</b><br>Test class: api.test.Project_Tests</td>
<td></td>
<td>0</td>
<td>api.test.Project_Tests@4a11eb84</td></tr>
<tr>
<td title='api.test.ScanData_Tests.test_GetBuildingProgressByBuildingId()'><b>test_GetBuildingProgressByBuildingId</b><br>Test class: api.test.ScanData_Tests</td>
<td></td>
<td>0</td>
<td>api.test.ScanData_Tests@3f07b12c</td></tr>
<tr>
<td title='api.test.ScanData_Tests.test_GetAllCustomersDiskSpace()'><b>test_GetAllCustomersDiskSpace</b><br>Test class: api.test.ScanData_Tests</td>
<td></td>
<td>0</td>
<td>api.test.ScanData_Tests@3f07b12c</td></tr>
<tr>
<td title='api.test.SummaryReport_Tests.test_GetRegionParameterProgress()'><b>test_GetRegionParameterProgress</b><br>Test class: api.test.SummaryReport_Tests</td>
<td></td>
<td>0</td>
<td>api.test.SummaryReport_Tests@3e14c16d</td></tr>
<tr>
<td title='api.test.Building_Tests.test_removeToggleArchiveBuilding()'><b>test_removeToggleArchiveBuilding</b><br>Test class: api.test.Building_Tests</td>
<td></td>
<td>0</td>
<td>api.test.Building_Tests@5c8504fd</td></tr>
<tr>
<td title='api.test.Region_Tests.test_GetIdByRegionId()'><b>test_GetIdByRegionId</b><br>Test class: api.test.Region_Tests</td>
<td></td>
<td>0</td>
<td>api.test.Region_Tests@6475472c</td></tr>
<tr>
<td title='api.test.License_Tests.test_CheckLogoforReportByCompanyId()'><b>test_CheckLogoforReportByCompanyId</b><br>Test class: api.test.License_Tests</td>
<td></td>
<td>0</td>
<td>api.test.License_Tests@7096b474</td></tr>
<tr>
<td title='api.test.Project_Tests.test_GetProjectHistoryByProjectId()'><b>test_GetProjectHistoryByProjectId</b><br>Test class: api.test.Project_Tests</td>
<td></td>
<td>0</td>
<td>api.test.Project_Tests@4a11eb84</td></tr>
<tr>
<td title='api.test.Building_Tests.test_GetBuildingByBuildingId()'><b>test_GetBuildingByBuildingId</b><br>Test class: api.test.Building_Tests</td>
<td></td>
<td>0</td>
<td>api.test.Building_Tests@5c8504fd</td></tr>
<tr>
<td title='api.test.Project_Tests.test_GetProjectsByCompanyIdUserId()'><b>test_GetProjectsByCompanyIdUserId</b><br>Test class: api.test.Project_Tests</td>
<td></td>
<td>0</td>
<td>api.test.Project_Tests@4a11eb84</td></tr>
<tr>
<td title='api.test.Project_Tests.test_GetHeatMapValuesByProjectId()'><b>test_GetHeatMapValuesByProjectId</b><br>Test class: api.test.Project_Tests</td>
<td></td>
<td>0</td>
<td>api.test.Project_Tests@4a11eb84</td></tr>
<tr>
<td title='api.test.License_Tests.test_GetOffset()'><b>test_GetOffset</b><br>Test class: api.test.License_Tests</td>
<td></td>
<td>0</td>
<td>api.test.License_Tests@7096b474</td></tr>
<tr>
<td title='api.test.Region_Tests.test_AddRegion()'><b>test_AddRegion</b><br>Test class: api.test.Region_Tests</td>
<td></td>
<td>0</td>
<td>api.test.Region_Tests@6475472c</td></tr>
<tr>
<td title='api.test.ScanData_Tests.test_GetScanDataByRegionId()'><b>test_GetScanDataByRegionId</b><br>Test class: api.test.ScanData_Tests</td>
<td></td>
<td>0</td>
<td>api.test.ScanData_Tests@3f07b12c</td></tr>
<tr>
<td title='api.test.User_Tests.testLogin()'><b>testLogin</b><br>Test class: api.test.User_Tests</td>
<td></td>
<td>0</td>
<td>api.test.User_Tests@784b990c</td></tr>
<tr>
<td title='api.test.Project_Tests.test_GetProjectDetails()'><b>test_GetProjectDetails</b><br>Test class: api.test.Project_Tests</td>
<td></td>
<td>0</td>
<td>api.test.Project_Tests@4a11eb84</td></tr>
<tr>
<td title='api.test.Project_Tests.test_CreateProject()'><b>test_CreateProject</b><br>Test class: api.test.Project_Tests</td>
<td></td>
<td>1</td>
<td>api.test.Project_Tests@4a11eb84</td></tr>
<tr>
<td title='api.test.DDtests.test_CreateProject_DDT()'><b>test_CreateProject_DDT</b><br>Test class: api.test.DDtests<br>Parameters: ABC01, Project111, Project by SJ 2, 2025-01-08T12:03:55.621Z, 2025-12-31T12:03:55.621Z, 14, 444, sqft, Shubham, SJ, 44, true, false, false</td>
<td></td>
<td>0</td>
<td>api.test.DDtests@3c989952</td></tr>
<tr>
<td title='api.test.Project_Tests.test_UpdateProject()'><b>test_UpdateProject</b><br>Test class: api.test.Project_Tests</td>
<td></td>
<td>0</td>
<td>api.test.Project_Tests@4a11eb84</td></tr>
<tr>
<td title='api.test.Region_Tests.test_GetAllRegionsByFloorId()'><b>test_GetAllRegionsByFloorId</b><br>Test class: api.test.Region_Tests</td>
<td></td>
<td>0</td>
<td>api.test.Region_Tests@6475472c</td></tr>
<tr>
<td title='api.test.Project_Tests.test_GetAccDetailsByProjectId()'><b>test_GetAccDetailsByProjectId</b><br>Test class: api.test.Project_Tests</td>
<td></td>
<td>0</td>
<td>api.test.Project_Tests@4a11eb84</td></tr>
<tr>
<td title='api.test.DDtests.test_CreateProject_DDT()'><b>test_CreateProject_DDT</b><br>Test class: api.test.DDtests<br>Parameters: ABC01, Project111, Project added from excel, 2025-01-01T12:03:55.621Z, 2025-12-31T12:03:55.621Z, 11, 111, sqm, Shubham, Shubham Jagtap, 11, true, false, false</td>
<td></td>
<td>0</td>
<td>api.test.DDtests@3c989952</td></tr>
<tr>
<td title='api.test.User_Tests.testLogout()'><b>testLogout</b><br>Test class: api.test.User_Tests</td>
<td></td>
<td>0</td>
<td>api.test.User_Tests@784b990c</td></tr>
<tr>
<td title='api.test.User_Tests.test_forgotPassword()'><b>test_forgotPassword</b><br>Test class: api.test.User_Tests</td>
<td></td>
<td>0</td>
<td>api.test.User_Tests@784b990c</td></tr>
<tr>
<td title='api.test.Floor_Tests.test_GetAllFloorsByBuildingId()'><b>test_GetAllFloorsByBuildingId</b><br>Test class: api.test.Floor_Tests</td>
<td></td>
<td>0</td>
<td>api.test.Floor_Tests@4b7e96a</td></tr>
<tr>
<td title='api.test.SummaryReport_Tests.test_GetFloorParameterProgress()'><b>test_GetFloorParameterProgress</b><br>Test class: api.test.SummaryReport_Tests</td>
<td></td>
<td>0</td>
<td>api.test.SummaryReport_Tests@3e14c16d</td></tr>
<tr>
<td title='api.test.DDtests.test_CreateProject_DDT()'><b>test_CreateProject_DDT</b><br>Test class: api.test.DDtests<br>Parameters: ABC01, Project111, Project by SJ 3, 2025-01-08T12:03:55.621Z, 2025-12-31T12:03:55.621Z, 15, 555, sqm, Shubham, SJ, 55, true, false, false</td>
<td></td>
<td>0</td>
<td>api.test.DDtests@3c989952</td></tr>
<tr>
<td title='api.test.User_Tests.test_GetAllUser()'><b>test_GetAllUser</b><br>Test class: api.test.User_Tests</td>
<td></td>
<td>0</td>
<td>api.test.User_Tests@784b990c</td></tr>
</table><p>
<table width='100%' border='1' class='invocation-skipped'>
<tr><td colspan='4' align='center'><b>SKIPPED TESTS</b></td></tr>
<tr><td><b>Test method</b></td>
<td><b>Attribute(s)</b></td>
<td width="30%"><b>Exception</b></td>
<td width="10%"><b>Time (seconds)</b></td>
<td><b>Instance</b></td>
</tr>
<tr>
<td title='api.test.Project_Tests.test_addProjectDataToArchiveServerByProjectId()'><b>test_addProjectDataToArchiveServerByProjectId</b><br>Test class: api.test.Project_Tests</td>
<td><div><pre>java.lang.AssertionError: Test Case failed: Read timed out
	at api.test.Project_Tests.test_addProjectDataToArchiveServerByProjectId(Project_Tests.java:656)
	at java.base/java.util.ArrayList.forEach(ArrayList.java:1511)
... Removed 28 stack frames</pre></div><a href='#' onClick='toggleBox("stack-trace461905695", this, "Click to show all stack frames", "Click to hide stack frames")'>Click to show all stack frames</a>
<div class='stack-trace' id='stack-trace461905695'><pre>java.lang.AssertionError: Test Case failed: Read timed out
	at org.testng.Assert.fail(Assert.java:111)
	at api.test.Project_Tests.test_addProjectDataToArchiveServerByProjectId(Project_Tests.java:656)
	at java.base/jdk.internal.reflect.NativeMethodAccessorImpl.invoke0(Native Method)
	at java.base/jdk.internal.reflect.NativeMethodAccessorImpl.invoke(NativeMethodAccessorImpl.java:64)
	at java.base/jdk.internal.reflect.DelegatingMethodAccessorImpl.invoke(DelegatingMethodAccessorImpl.java:43)
	at java.base/java.lang.reflect.Method.invoke(Method.java:564)
	at org.testng.internal.invokers.MethodInvocationHelper.invokeMethod(MethodInvocationHelper.java:139)
	at org.testng.internal.invokers.TestInvoker.invokeMethod(TestInvoker.java:664)
	at org.testng.internal.invokers.TestInvoker.retryFailed(TestInvoker.java:248)
	at org.testng.internal.invokers.MethodRunner.runInSequence(MethodRunner.java:62)
	at org.testng.internal.invokers.TestInvoker$MethodInvocationAgent.invoke(TestInvoker.java:957)
	at org.testng.internal.invokers.TestInvoker.invokeTestMethods(TestInvoker.java:200)
	at org.testng.internal.invokers.TestMethodWorker.invokeTestMethods(TestMethodWorker.java:148)
	at org.testng.internal.invokers.TestMethodWorker.run(TestMethodWorker.java:128)
	at java.base/java.util.ArrayList.forEach(ArrayList.java:1511)
	at org.testng.TestRunner.privateRun(TestRunner.java:848)
	at org.testng.TestRunner.run(TestRunner.java:621)
	at org.testng.SuiteRunner.runTest(SuiteRunner.java:443)
	at org.testng.SuiteRunner.runSequentially(SuiteRunner.java:437)
	at org.testng.SuiteRunner.privateRun(SuiteRunner.java:397)
	at org.testng.SuiteRunner.run(SuiteRunner.java:336)
	at org.testng.SuiteRunnerWorker.runSuite(SuiteRunnerWorker.java:52)
	at org.testng.SuiteRunnerWorker.run(SuiteRunnerWorker.java:95)
	at org.testng.TestNG.runSuitesSequentially(TestNG.java:1280)
	at org.testng.TestNG.runSuitesLocally(TestNG.java:1200)
	at org.testng.TestNG.runSuites(TestNG.java:1114)
	at org.testng.TestNG.run(TestNG.java:1082)
	at org.testng.remote.AbstractRemoteTestNG.run(AbstractRemoteTestNG.java:115)
	at org.testng.remote.RemoteTestNG.initAndRun(RemoteTestNG.java:251)
	at org.testng.remote.RemoteTestNG.main(RemoteTestNG.java:77)
</pre></div></td>
<td>5</td>
<td>api.test.Project_Tests@4a11eb84</td></tr>
<tr>
<td title='api.test.Project_Tests.test_addProjectDataToArchiveServerByProjectId()'><b>test_addProjectDataToArchiveServerByProjectId</b><br>Test class: api.test.Project_Tests</td>
<td><div><pre>java.lang.AssertionError: Test Case failed: Read timed out
	at api.test.Project_Tests.test_addProjectDataToArchiveServerByProjectId(Project_Tests.java:656)
	at java.base/java.util.ArrayList.forEach(ArrayList.java:1511)
... Removed 28 stack frames</pre></div><a href='#' onClick='toggleBox("stack-trace1288794477", this, "Click to show all stack frames", "Click to hide stack frames")'>Click to show all stack frames</a>
<div class='stack-trace' id='stack-trace1288794477'><pre>java.lang.AssertionError: Test Case failed: Read timed out
	at org.testng.Assert.fail(Assert.java:111)
	at api.test.Project_Tests.test_addProjectDataToArchiveServerByProjectId(Project_Tests.java:656)
	at java.base/jdk.internal.reflect.NativeMethodAccessorImpl.invoke0(Native Method)
	at java.base/jdk.internal.reflect.NativeMethodAccessorImpl.invoke(NativeMethodAccessorImpl.java:64)
	at java.base/jdk.internal.reflect.DelegatingMethodAccessorImpl.invoke(DelegatingMethodAccessorImpl.java:43)
	at java.base/java.lang.reflect.Method.invoke(Method.java:564)
	at org.testng.internal.invokers.MethodInvocationHelper.invokeMethod(MethodInvocationHelper.java:139)
	at org.testng.internal.invokers.TestInvoker.invokeMethod(TestInvoker.java:664)
	at org.testng.internal.invokers.TestInvoker.retryFailed(TestInvoker.java:248)
	at org.testng.internal.invokers.MethodRunner.runInSequence(MethodRunner.java:62)
	at org.testng.internal.invokers.TestInvoker$MethodInvocationAgent.invoke(TestInvoker.java:957)
	at org.testng.internal.invokers.TestInvoker.invokeTestMethods(TestInvoker.java:200)
	at org.testng.internal.invokers.TestMethodWorker.invokeTestMethods(TestMethodWorker.java:148)
	at org.testng.internal.invokers.TestMethodWorker.run(TestMethodWorker.java:128)
	at java.base/java.util.ArrayList.forEach(ArrayList.java:1511)
	at org.testng.TestRunner.privateRun(TestRunner.java:848)
	at org.testng.TestRunner.run(TestRunner.java:621)
	at org.testng.SuiteRunner.runTest(SuiteRunner.java:443)
	at org.testng.SuiteRunner.runSequentially(SuiteRunner.java:437)
	at org.testng.SuiteRunner.privateRun(SuiteRunner.java:397)
	at org.testng.SuiteRunner.run(SuiteRunner.java:336)
	at org.testng.SuiteRunnerWorker.runSuite(SuiteRunnerWorker.java:52)
	at org.testng.SuiteRunnerWorker.run(SuiteRunnerWorker.java:95)
	at org.testng.TestNG.runSuitesSequentially(TestNG.java:1280)
	at org.testng.TestNG.runSuitesLocally(TestNG.java:1200)
	at org.testng.TestNG.runSuites(TestNG.java:1114)
	at org.testng.TestNG.run(TestNG.java:1082)
	at org.testng.remote.AbstractRemoteTestNG.run(AbstractRemoteTestNG.java:115)
	at org.testng.remote.RemoteTestNG.initAndRun(RemoteTestNG.java:251)
	at org.testng.remote.RemoteTestNG.main(RemoteTestNG.java:77)
</pre></div></td>
<td>5</td>
<td>api.test.Project_Tests@4a11eb84</td></tr>
<tr>
<td title='api.test.Project_Tests.test_addProjectDataToArchiveServerByProjectId()'><b>test_addProjectDataToArchiveServerByProjectId</b><br>Test class: api.test.Project_Tests</td>
<td><div><pre>java.lang.AssertionError: Test Case failed: Read timed out
	at api.test.Project_Tests.test_addProjectDataToArchiveServerByProjectId(Project_Tests.java:656)
	at java.base/java.util.ArrayList.forEach(ArrayList.java:1511)
... Removed 28 stack frames</pre></div><a href='#' onClick='toggleBox("stack-trace1262627023", this, "Click to show all stack frames", "Click to hide stack frames")'>Click to show all stack frames</a>
<div class='stack-trace' id='stack-trace1262627023'><pre>java.lang.AssertionError: Test Case failed: Read timed out
	at org.testng.Assert.fail(Assert.java:111)
	at api.test.Project_Tests.test_addProjectDataToArchiveServerByProjectId(Project_Tests.java:656)
	at java.base/jdk.internal.reflect.NativeMethodAccessorImpl.invoke0(Native Method)
	at java.base/jdk.internal.reflect.NativeMethodAccessorImpl.invoke(NativeMethodAccessorImpl.java:64)
	at java.base/jdk.internal.reflect.DelegatingMethodAccessorImpl.invoke(DelegatingMethodAccessorImpl.java:43)
	at java.base/java.lang.reflect.Method.invoke(Method.java:564)
	at org.testng.internal.invokers.MethodInvocationHelper.invokeMethod(MethodInvocationHelper.java:139)
	at org.testng.internal.invokers.TestInvoker.invokeMethod(TestInvoker.java:664)
	at org.testng.internal.invokers.TestInvoker.retryFailed(TestInvoker.java:248)
	at org.testng.internal.invokers.MethodRunner.runInSequence(MethodRunner.java:62)
	at org.testng.internal.invokers.TestInvoker$MethodInvocationAgent.invoke(TestInvoker.java:957)
	at org.testng.internal.invokers.TestInvoker.invokeTestMethods(TestInvoker.java:200)
	at org.testng.internal.invokers.TestMethodWorker.invokeTestMethods(TestMethodWorker.java:148)
	at org.testng.internal.invokers.TestMethodWorker.run(TestMethodWorker.java:128)
	at java.base/java.util.ArrayList.forEach(ArrayList.java:1511)
	at org.testng.TestRunner.privateRun(TestRunner.java:848)
	at org.testng.TestRunner.run(TestRunner.java:621)
	at org.testng.SuiteRunner.runTest(SuiteRunner.java:443)
	at org.testng.SuiteRunner.runSequentially(SuiteRunner.java:437)
	at org.testng.SuiteRunner.privateRun(SuiteRunner.java:397)
	at org.testng.SuiteRunner.run(SuiteRunner.java:336)
	at org.testng.SuiteRunnerWorker.runSuite(SuiteRunnerWorker.java:52)
	at org.testng.SuiteRunnerWorker.run(SuiteRunnerWorker.java:95)
	at org.testng.TestNG.runSuitesSequentially(TestNG.java:1280)
	at org.testng.TestNG.runSuitesLocally(TestNG.java:1200)
	at org.testng.TestNG.runSuites(TestNG.java:1114)
	at org.testng.TestNG.run(TestNG.java:1082)
	at org.testng.remote.AbstractRemoteTestNG.run(AbstractRemoteTestNG.java:115)
	at org.testng.remote.RemoteTestNG.initAndRun(RemoteTestNG.java:251)
	at org.testng.remote.RemoteTestNG.main(RemoteTestNG.java:77)
</pre></div></td>
<td>5</td>
<td>api.test.Project_Tests@4a11eb84</td></tr>
<tr>
<td title='api.test.Project_Tests.test_addProjectDataToArchiveServerByProjectId()'><b>test_addProjectDataToArchiveServerByProjectId</b><br>Test class: api.test.Project_Tests</td>
<td><div><pre>java.lang.AssertionError: Test Case failed: Read timed out
	at api.test.Project_Tests.test_addProjectDataToArchiveServerByProjectId(Project_Tests.java:656)
	at java.base/java.util.ArrayList.forEach(ArrayList.java:1511)
... Removed 28 stack frames</pre></div><a href='#' onClick='toggleBox("stack-trace871662667", this, "Click to show all stack frames", "Click to hide stack frames")'>Click to show all stack frames</a>
<div class='stack-trace' id='stack-trace871662667'><pre>java.lang.AssertionError: Test Case failed: Read timed out
	at org.testng.Assert.fail(Assert.java:111)
	at api.test.Project_Tests.test_addProjectDataToArchiveServerByProjectId(Project_Tests.java:656)
	at java.base/jdk.internal.reflect.NativeMethodAccessorImpl.invoke0(Native Method)
	at java.base/jdk.internal.reflect.NativeMethodAccessorImpl.invoke(NativeMethodAccessorImpl.java:64)
	at java.base/jdk.internal.reflect.DelegatingMethodAccessorImpl.invoke(DelegatingMethodAccessorImpl.java:43)
	at java.base/java.lang.reflect.Method.invoke(Method.java:564)
	at org.testng.internal.invokers.MethodInvocationHelper.invokeMethod(MethodInvocationHelper.java:139)
	at org.testng.internal.invokers.TestInvoker.invokeMethod(TestInvoker.java:664)
	at org.testng.internal.invokers.TestInvoker.invokeTestMethod(TestInvoker.java:227)
	at org.testng.internal.invokers.MethodRunner.runInSequence(MethodRunner.java:50)
	at org.testng.internal.invokers.TestInvoker$MethodInvocationAgent.invoke(TestInvoker.java:957)
	at org.testng.internal.invokers.TestInvoker.invokeTestMethods(TestInvoker.java:200)
	at org.testng.internal.invokers.TestMethodWorker.invokeTestMethods(TestMethodWorker.java:148)
	at org.testng.internal.invokers.TestMethodWorker.run(TestMethodWorker.java:128)
	at java.base/java.util.ArrayList.forEach(ArrayList.java:1511)
	at org.testng.TestRunner.privateRun(TestRunner.java:848)
	at org.testng.TestRunner.run(TestRunner.java:621)
	at org.testng.SuiteRunner.runTest(SuiteRunner.java:443)
	at org.testng.SuiteRunner.runSequentially(SuiteRunner.java:437)
	at org.testng.SuiteRunner.privateRun(SuiteRunner.java:397)
	at org.testng.SuiteRunner.run(SuiteRunner.java:336)
	at org.testng.SuiteRunnerWorker.runSuite(SuiteRunnerWorker.java:52)
	at org.testng.SuiteRunnerWorker.run(SuiteRunnerWorker.java:95)
	at org.testng.TestNG.runSuitesSequentially(TestNG.java:1280)
	at org.testng.TestNG.runSuitesLocally(TestNG.java:1200)
	at org.testng.TestNG.runSuites(TestNG.java:1114)
	at org.testng.TestNG.run(TestNG.java:1082)
	at org.testng.remote.AbstractRemoteTestNG.run(AbstractRemoteTestNG.java:115)
	at org.testng.remote.RemoteTestNG.initAndRun(RemoteTestNG.java:251)
	at org.testng.remote.RemoteTestNG.main(RemoteTestNG.java:77)
</pre></div></td>
<td>5</td>
<td>api.test.Project_Tests@4a11eb84</td></tr>
</table><p>
</body>
</html>